Flutter crash report.
Please report a bug at https://github.com/flutter/flutter/issues.

## command

flutter run --machine --start-paused -d chrome --devtools-server-address http://127.0.0.1:9100/ --target /Users/mollyrand/Documents/Prax/practice-tracker/txrd_practice_tracker/lib/main.dart

## exception

StateError: Bad state: StreamSink is closed

```
#0      _StreamSinkImpl.add (dart:_http/http_impl.dart:919:7)
#1      _WebSocketImpl.add (dart:_http/websocket_impl.dart:1223:11)
#2      vmServiceConnectUriWithFactory.<anonymous closure> (package:vm_service/vm_service_io.dart:37:46)
#3      VmService._processRequest (package:vm_service/src/vm_service.dart:2030:18)
<asynchronous suspension>
```

## flutter doctor

```
[!] Flutter (Channel stable, 3.27.3, on macOS 15.2 24C101 darwin-arm64, locale en-US)
    • Flutter version 3.27.3 on channel stable at /Users/mollyrand/development/flutter
    ! The flutter binary is not on your path. Consider adding /Users/mollyrand/development/flutter/bin to your path.
    ! The dart binary is not on your path. Consider adding /Users/mollyrand/development/flutter/bin to your path.
    • Upstream repository https://github.com/flutter/flutter.git
    • Framework revision c519ee916e (5 days ago), 2025-01-21 10:32:23 -0800
    • Engine revision e672b006cb
    • Dart version 3.6.1
    • DevTools version 2.40.2
    • If those were intentional, you can disregard the above warnings; however it is recommended to use "git" directly to perform update checks and upgrades.

[!] Android toolchain - develop for Android devices (Android SDK version 33.0.0-rc4)
    • Android SDK at /Users/mollyrand/android-sdks
    ✗ cmdline-tools component is missing
      Run `path/to/sdkmanager --install "cmdline-tools;latest"`
      See https://developer.android.com/studio/command-line for more details.
    ✗ Android license status unknown.
      Run `flutter doctor --android-licenses` to accept the SDK licenses.
      See https://flutter.dev/to/macos-android-setup for more details.

[✗] Xcode - develop for iOS and macOS
    ✗ Xcode installation is incomplete; a full installation is necessary for iOS and macOS development.
      Download at: https://developer.apple.com/xcode/
      Or install Xcode via the App Store.
      Once installed, run:
        sudo xcode-select --switch /Applications/Xcode.app/Contents/Developer
        sudo xcodebuild -runFirstLaunch
    ✗ CocoaPods installed but not working.
        You appear to have CocoaPods installed but it is not working.
        This can happen if the version of Ruby that CocoaPods was installed with is different from the one being used to invoke it.
        This can usually be fixed by re-installing CocoaPods.
      For re-installation instructions, see https://guides.cocoapods.org/using/getting-started.html#installation

[✓] Chrome - develop for the web
    • Chrome at /Applications/Google Chrome.app/Contents/MacOS/Google Chrome

[!] Android Studio (version unknown)
    • Android Studio at /Applications/Android Studio 3.0 Preview.app/Contents
    • Flutter plugin can be installed from:
      🔨 https://plugins.jetbrains.com/plugin/9212-flutter
    • Dart plugin can be installed from:
      🔨 https://plugins.jetbrains.com/plugin/6351-dart
    ✗ Unable to determine Android Studio version.
    ✗ Unable to find bundled Java version.
    • Try updating or re-installing Android Studio.

[✓] Android Studio (version 2022.3)
    • Android Studio at /Applications/Android Studio.app/Contents
    • Flutter plugin can be installed from:
      🔨 https://plugins.jetbrains.com/plugin/9212-flutter
    • Dart plugin can be installed from:
      🔨 https://plugins.jetbrains.com/plugin/6351-dart
    • Java version OpenJDK Runtime Environment (build 17.0.6+0-17.0.6b829.9-10027231)

[✓] IntelliJ IDEA Community Edition (version 2018.2.4)
    • IntelliJ at /Applications/IntelliJ IDEA CE.app
    • Flutter plugin can be installed from:
      🔨 https://plugins.jetbrains.com/plugin/9212-flutter
    • Dart plugin can be installed from:
      🔨 https://plugins.jetbrains.com/plugin/6351-dart

[✓] VS Code (version 1.96.4)
    • VS Code at /Users/mollyrand/Downloads/Visual Studio Code.app/Contents
    • Flutter extension version 3.102.0

[✓] Connected device (2 available)
    • macOS (desktop) • macos  • darwin-arm64   • macOS 15.2 24C101 darwin-arm64
    • Chrome (web)    • chrome • web-javascript • Google Chrome 131.0.6778.267

[✓] Network resources
    • All expected network resources are available.

! Doctor found issues in 4 categories.
```
